<?xml version="1.1" encoding="UTF-8"?>
<testsuite name="com.barrybecker4.common.util.LinkedHashMapTest" tests="3" failures="0" errors="0" timestamp="2013-07-07T16:14:42" hostname="Tesujisoft3" time="0.0">
  <properties/>
  <testcase name="testNumEntries" classname="com.barrybecker4.common.util.LinkedHashMapTest" time="0.0"/>
  <testcase name="testKeyOrder" classname="com.barrybecker4.common.util.LinkedHashMapTest" time="0.0"/>
  <testcase name="testKeyOrderAfterModify" classname="com.barrybecker4.common.util.LinkedHashMapTest" time="0.0"/>
  <system-out><![CDATA[keys=java.util.LinkedHashMap$KeyIterator@219fdbcb
]]></system-out>
  <system-err><![CDATA[]]></system-err>
</testsuite>
