<?xml version="1.1" encoding="UTF-8"?>
<testsuite name="com.barrybecker4.common.math.RangeTest" tests="6" failures="0" errors="0" timestamp="2013-07-07T16:14:42" hostname="Tesujisoft3" time="0.0010">
  <properties/>
  <testcase name="testDefaultConstruction" classname="com.barrybecker4.common.math.RangeTest" time="0.0"/>
  <testcase name="testTypicalConstruction" classname="com.barrybecker4.common.math.RangeTest" time="0.0"/>
  <testcase name="testInvalidConstruction" classname="com.barrybecker4.common.math.RangeTest" time="0.0"/>
  <testcase name="testExtendRangeHigher" classname="com.barrybecker4.common.math.RangeTest" time="0.0"/>
  <testcase name="testExtendRangeLower" classname="com.barrybecker4.common.math.RangeTest" time="0.0010"/>
  <testcase name="testExtendByRange" classname="com.barrybecker4.common.math.RangeTest" time="0.0"/>
  <system-out><![CDATA[]]></system-out>
  <system-err><![CDATA[]]></system-err>
</testsuite>
