<?xml version="1.1" encoding="UTF-8"?>
<testsuite name="com.barrybecker4.common.function.ErrorFunctionTest" tests="2" failures="0" errors="0" timestamp="2013-07-07T16:14:42" hostname="Tesujisoft3" time="0.0020">
  <properties/>
  <testcase name="testGetFunctionValue" classname="com.barrybecker4.common.function.ErrorFunctionTest" time="0.0020"/>
  <testcase name="testGetInverseFunctionValue" classname="com.barrybecker4.common.function.ErrorFunctionTest" time="0.0"/>
  <system-out><![CDATA[]]></system-out>
  <system-err><![CDATA[]]></system-err>
</testsuite>
