<?xml version="1.1" encoding="UTF-8"?>
<testsuite name="com.barrybecker4.common.interpolation.HermiteInterpolatorTest" tests="7" failures="0" errors="0" timestamp="2013-07-07T16:14:42" hostname="Tesujisoft3" time="0.0030">
  <properties/>
  <testcase name="testSimpleInterpolation0_1" classname="com.barrybecker4.common.interpolation.HermiteInterpolatorTest" time="0.0010"/>
  <testcase name="testTypicalInterpolate" classname="com.barrybecker4.common.interpolation.HermiteInterpolatorTest" time="0.0"/>
  <testcase name="testInterpolateOnePoint" classname="com.barrybecker4.common.interpolation.HermiteInterpolatorTest" time="0.0"/>
  <testcase name="testInterpolate2Points" classname="com.barrybecker4.common.interpolation.HermiteInterpolatorTest" time="0.0"/>
  <testcase name="testInterpolateOutOfRangeClosePositive" classname="com.barrybecker4.common.interpolation.HermiteInterpolatorTest" time="0.0"/>
  <testcase name="testInterpolateOutOfRangeFar" classname="com.barrybecker4.common.interpolation.HermiteInterpolatorTest" time="0.0"/>
  <testcase name="testInterpolateOutOfRangeNegative" classname="com.barrybecker4.common.interpolation.HermiteInterpolatorTest" time="0.0"/>
  <system-out><![CDATA[]]></system-out>
  <system-err><![CDATA[]]></system-err>
</testsuite>
