<?xml version="1.1" encoding="UTF-8"?>
<testsuite name="com.barrybecker4.common.math.cutpoints.NiceNumberRounderTest" tests="12" failures="0" errors="0" timestamp="2013-07-07T16:14:42" hostname="Tesujisoft3" time="0.0030">
  <properties/>
  <testcase name="testRoundNumberSmall" classname="com.barrybecker4.common.math.cutpoints.NiceNumberRounderTest" time="0.0"/>
  <testcase name="testRoundNumberMediumUpper" classname="com.barrybecker4.common.math.cutpoints.NiceNumberRounderTest" time="0.0"/>
  <testcase name="testRoundNumberMediumLower" classname="com.barrybecker4.common.math.cutpoints.NiceNumberRounderTest" time="0.0"/>
  <testcase name="testRoundNumberLargeUpper" classname="com.barrybecker4.common.math.cutpoints.NiceNumberRounderTest" time="0.0"/>
  <testcase name="testRoundNumberLargeLower" classname="com.barrybecker4.common.math.cutpoints.NiceNumberRounderTest" time="0.0"/>
  <testcase name="testRoundNumber" classname="com.barrybecker4.common.math.cutpoints.NiceNumberRounderTest" time="0.0010"/>
  <testcase name="testCielNumberSmall" classname="com.barrybecker4.common.math.cutpoints.NiceNumberRounderTest" time="0.0"/>
  <testcase name="testCielNumberMediumUpper" classname="com.barrybecker4.common.math.cutpoints.NiceNumberRounderTest" time="0.0"/>
  <testcase name="testCielNumberMediumLower" classname="com.barrybecker4.common.math.cutpoints.NiceNumberRounderTest" time="0.0"/>
  <testcase name="testCielNumberLargeUpper" classname="com.barrybecker4.common.math.cutpoints.NiceNumberRounderTest" time="0.0"/>
  <testcase name="testCielNumberLargeLower" classname="com.barrybecker4.common.math.cutpoints.NiceNumberRounderTest" time="0.0"/>
  <testcase name="testCieledNumber" classname="com.barrybecker4.common.math.cutpoints.NiceNumberRounderTest" time="0.0"/>
  <system-out><![CDATA[]]></system-out>
  <system-err><![CDATA[]]></system-err>
</testsuite>
