<?xml version="1.1" encoding="UTF-8"?>
<testsuite name="com.barrybecker4.common.math.MultiArrayTest" tests="5" failures="0" errors="0" timestamp="2013-07-07T16:14:42" hostname="Tesujisoft3" time="0.0020">
  <properties/>
  <testcase name="testCreateOLength0DArray" classname="com.barrybecker4.common.math.MultiArrayTest" time="0.0010"/>
  <testcase name="testCreate0Length1DArray" classname="com.barrybecker4.common.math.MultiArrayTest" time="0.0"/>
  <testcase name="testCreate1Length1DArray" classname="com.barrybecker4.common.math.MultiArrayTest" time="0.0"/>
  <testcase name="testCreate2Length2DArray" classname="com.barrybecker4.common.math.MultiArrayTest" time="0.0010"/>
  <testcase name="testCreate3DArray" classname="com.barrybecker4.common.math.MultiArrayTest" time="0.0"/>
  <system-out><![CDATA[]]></system-out>
  <system-err><![CDATA[]]></system-err>
</testsuite>
